[D:/Visual Studio/My Sites/漂亮Bootstrap3响应式后台模板MeAdmin/www.js-css.cn/divcss/admin/meAdmin/index.html]
[D:/Visual Studio/My Sites/漂亮Bootstrap3响应式后台模板MeAdmin/backblue.gif]
[D:/Visual Studio/My Sites/漂亮Bootstrap3响应式后台模板MeAdmin/fade.gif]
[D:/Visual Studio/My Sites/漂亮Bootstrap3响应式后台模板MeAdmin/index.html]
[D:/Visual Studio/My Sites/漂亮Bootstrap3响应式后台模板MeAdmin/www.js-css.cn/divcss/admin/meAdmin/assets/js/libs/jquery-1.10.2.min.js]
[D:/Visual Studio/My Sites/漂亮Bootstrap3响应式后台模板MeAdmin/www.js-css.cn/divcss/admin/meAdmin/plugins/jquery-ui/jquery-ui-1.10.2.custom.min.js]
[D:/Visual Studio/My Sites/漂亮Bootstrap3响应式后台模板MeAdmin/www.js-css.cn/divcss/admin/meAdmin/bootstrap/js/bootstrap.min.js]
[D:/Visual Studio/My Sites/漂亮Bootstrap3响应式后台模板MeAdmin/www.js-css.cn/divcss/admin/meAdmin/assets/js/libs/lodash.compat.min.js]
[D:/Visual Studio/My Sites/漂亮Bootstrap3响应式后台模板MeAdmin/www.js-css.cn/divcss/admin/meAdmin/plugins/touchpunch/jquery.ui.touch-punch.min.js]
[D:/Visual Studio/My Sites/漂亮Bootstrap3响应式后台模板MeAdmin/www.js-css.cn/divcss/admin/meAdmin/plugins/event.swipe/jquery.event.move.js]
[D:/Visual Studio/My Sites/漂亮Bootstrap3响应式后台模板MeAdmin/www.js-css.cn/divcss/admin/meAdmin/plugins/event.swipe/jquery.event.swipe.js]
[D:/Visual Studio/My Sites/漂亮Bootstrap3响应式后台模板MeAdmin/www.js-css.cn/divcss/admin/meAdmin/assets/js/libs/breakpoints.js]
[D:/Visual Studio/My Sites/漂亮Bootstrap3响应式后台模板MeAdmin/www.js-css.cn/divcss/admin/meAdmin/plugins/respond/respond.min.js]
[D:/Visual Studio/My Sites/漂亮Bootstrap3响应式后台模板MeAdmin/www.js-css.cn/divcss/admin/meAdmin/plugins/cookie/jquery.cookie.min.js]
[D:/Visual Studio/My Sites/漂亮Bootstrap3响应式后台模板MeAdmin/www.js-css.cn/divcss/admin/meAdmin/plugins/slimscroll/jquery.slimscroll.min.js]
[D:/Visual Studio/My Sites/漂亮Bootstrap3响应式后台模板MeAdmin/www.js-css.cn/divcss/admin/meAdmin/plugins/slimscroll/jquery.slimscroll.horizontal.min.js]
[D:/Visual Studio/My Sites/漂亮Bootstrap3响应式后台模板MeAdmin/www.js-css.cn/divcss/admin/meAdmin/plugins/sparkline/jquery.sparkline.min.js]
[D:/Visual Studio/My Sites/漂亮Bootstrap3响应式后台模板MeAdmin/www.js-css.cn/divcss/admin/meAdmin/plugins/flot/jquery.flot.min.js]
[D:/Visual Studio/My Sites/漂亮Bootstrap3响应式后台模板MeAdmin/www.js-css.cn/divcss/admin/meAdmin/plugins/flot/jquery.flot.tooltip.min.js]
[D:/Visual Studio/My Sites/漂亮Bootstrap3响应式后台模板MeAdmin/www.js-css.cn/divcss/admin/meAdmin/plugins/flot/jquery.flot.resize.min.js]
[D:/Visual Studio/My Sites/漂亮Bootstrap3响应式后台模板MeAdmin/www.js-css.cn/divcss/admin/meAdmin/plugins/flot/jquery.flot.time.min.js]
[D:/Visual Studio/My Sites/漂亮Bootstrap3响应式后台模板MeAdmin/www.js-css.cn/divcss/admin/meAdmin/plugins/flot/jquery.flot.growraf.min.js]
[D:/Visual Studio/My Sites/漂亮Bootstrap3响应式后台模板MeAdmin/www.js-css.cn/divcss/admin/meAdmin/plugins/easy-pie-chart/jquery.easy-pie-chart.min.js]
[D:/Visual Studio/My Sites/漂亮Bootstrap3响应式后台模板MeAdmin/www.js-css.cn/divcss/admin/meAdmin/plugins/daterangepicker/moment.min.js]
[D:/Visual Studio/My Sites/漂亮Bootstrap3响应式后台模板MeAdmin/www.js-css.cn/divcss/admin/meAdmin/plugins/daterangepicker/daterangepicker.js]
[D:/Visual Studio/My Sites/漂亮Bootstrap3响应式后台模板MeAdmin/www.js-css.cn/divcss/admin/meAdmin/plugins/blockui/jquery.blockUI.min.js]
[D:/Visual Studio/My Sites/漂亮Bootstrap3响应式后台模板MeAdmin/www.js-css.cn/divcss/admin/meAdmin/plugins/fullcalendar/fullcalendar.min.js]
[D:/Visual Studio/My Sites/漂亮Bootstrap3响应式后台模板MeAdmin/www.js-css.cn/divcss/admin/meAdmin/plugins/noty/jquery.noty.js]
[D:/Visual Studio/My Sites/漂亮Bootstrap3响应式后台模板MeAdmin/www.js-css.cn/divcss/admin/meAdmin/plugins/noty/layouts/top.js]
[D:/Visual Studio/My Sites/漂亮Bootstrap3响应式后台模板MeAdmin/www.js-css.cn/divcss/admin/meAdmin/plugins/noty/themes/default.js]
[D:/Visual Studio/My Sites/漂亮Bootstrap3响应式后台模板MeAdmin/www.js-css.cn/divcss/admin/meAdmin/plugins/uniform/jquery.uniform.min.js]
[D:/Visual Studio/My Sites/漂亮Bootstrap3响应式后台模板MeAdmin/www.js-css.cn/divcss/admin/meAdmin/plugins/select2/select2.min.js]
[D:/Visual Studio/My Sites/漂亮Bootstrap3响应式后台模板MeAdmin/www.js-css.cn/divcss/admin/meAdmin/assets/js/app.js]
[D:/Visual Studio/My Sites/漂亮Bootstrap3响应式后台模板MeAdmin/www.js-css.cn/divcss/admin/meAdmin/assets/js/plugins.js]
[D:/Visual Studio/My Sites/漂亮Bootstrap3响应式后台模板MeAdmin/www.js-css.cn/divcss/admin/meAdmin/assets/js/plugins.form-components.js]
[D:/Visual Studio/My Sites/漂亮Bootstrap3响应式后台模板MeAdmin/www.js-css.cn/divcss/admin/meAdmin/assets/js/custom.js]
[D:/Visual Studio/My Sites/漂亮Bootstrap3响应式后台模板MeAdmin/www.js-css.cn/divcss/admin/meAdmin/assets/js/demo/pages_calendar.js]
[D:/Visual Studio/My Sites/漂亮Bootstrap3响应式后台模板MeAdmin/www.js-css.cn/divcss/admin/meAdmin/assets/js/demo/charts/chart_filled_blue.js]
[D:/Visual Studio/My Sites/漂亮Bootstrap3响应式后台模板MeAdmin/www.js-css.cn/divcss/admin/meAdmin/assets/js/demo/charts/chart_simple.js]
[D:/Visual Studio/My Sites/漂亮Bootstrap3响应式后台模板MeAdmin/www.js-css.cn/divcss/admin/meAdmin/assets/img/logo.png]
[D:/Visual Studio/My Sites/漂亮Bootstrap3响应式后台模板MeAdmin/www.js-css.cn/divcss/admin/meAdmin/assets/img/demo/avatar-1.jpg]
[D:/Visual Studio/My Sites/漂亮Bootstrap3响应式后台模板MeAdmin/www.js-css.cn/divcss/admin/meAdmin/assets/img/demo/avatar-2.jpg]
[D:/Visual Studio/My Sites/漂亮Bootstrap3响应式后台模板MeAdmin/www.js-css.cn/divcss/admin/meAdmin/assets/img/demo/avatar-3.jpg]
[D:/Visual Studio/My Sites/漂亮Bootstrap3响应式后台模板MeAdmin/www.js-css.cn/divcss/admin/meAdmin/pages_user_profile.html]
[D:/Visual Studio/My Sites/漂亮Bootstrap3响应式后台模板MeAdmin/www.js-css.cn/divcss/admin/meAdmin/pages_calendar.html]
[D:/Visual Studio/My Sites/漂亮Bootstrap3响应式后台模板MeAdmin/www.js-css.cn/divcss/admin/meAdmin/login.html]
[D:/Visual Studio/My Sites/漂亮Bootstrap3响应式后台模板MeAdmin/www.js-css.cn/divcss/admin/meAdmin/ui_general.html]
[D:/Visual Studio/My Sites/漂亮Bootstrap3响应式后台模板MeAdmin/www.js-css.cn/divcss/admin/meAdmin/ui_buttons.html]
[D:/Visual Studio/My Sites/漂亮Bootstrap3响应式后台模板MeAdmin/www.js-css.cn/divcss/admin/meAdmin/ui_tabs_accordions.html]
[D:/Visual Studio/My Sites/漂亮Bootstrap3响应式后台模板MeAdmin/www.js-css.cn/divcss/admin/meAdmin/ui_sliders.html]
[D:/Visual Studio/My Sites/漂亮Bootstrap3响应式后台模板MeAdmin/www.js-css.cn/divcss/admin/meAdmin/ui_nestable_list.html]
[D:/Visual Studio/My Sites/漂亮Bootstrap3响应式后台模板MeAdmin/www.js-css.cn/divcss/admin/meAdmin/ui_typography.html]
[D:/Visual Studio/My Sites/漂亮Bootstrap3响应式后台模板MeAdmin/www.js-css.cn/divcss/admin/meAdmin/ui_google_maps.html]
[D:/Visual Studio/My Sites/漂亮Bootstrap3响应式后台模板MeAdmin/www.js-css.cn/divcss/admin/meAdmin/ui_grid.html]
[D:/Visual Studio/My Sites/漂亮Bootstrap3响应式后台模板MeAdmin/www.js-css.cn/divcss/admin/meAdmin/form_components.html]
[D:/Visual Studio/My Sites/漂亮Bootstrap3响应式后台模板MeAdmin/www.js-css.cn/divcss/admin/meAdmin/form_layouts.html]
[D:/Visual Studio/My Sites/漂亮Bootstrap3响应式后台模板MeAdmin/www.js-css.cn/divcss/admin/meAdmin/form_validation.html]
[D:/Visual Studio/My Sites/漂亮Bootstrap3响应式后台模板MeAdmin/www.js-css.cn/divcss/admin/meAdmin/form_wizard.html]
[D:/Visual Studio/My Sites/漂亮Bootstrap3响应式后台模板MeAdmin/www.js-css.cn/divcss/admin/meAdmin/tables_static.html]
[D:/Visual Studio/My Sites/漂亮Bootstrap3响应式后台模板MeAdmin/www.js-css.cn/divcss/admin/meAdmin/tables_responsive.html]
[D:/Visual Studio/My Sites/漂亮Bootstrap3响应式后台模板MeAdmin/www.js-css.cn/divcss/admin/meAdmin/charts.html]
[D:/Visual Studio/My Sites/漂亮Bootstrap3响应式后台模板MeAdmin/www.js-css.cn/divcss/admin/meAdmin/pages_invoice.html]
[D:/Visual Studio/My Sites/漂亮Bootstrap3响应式后台模板MeAdmin/www.js-css.cn/divcss/admin/meAdmin/404.html]
[D:/Visual Studio/My Sites/漂亮Bootstrap3响应式后台模板MeAdmin/www.js-css.cn/divcss/admin/meAdmin/index.html]
[D:/Visual Studio/My Sites/漂亮Bootstrap3响应式后台模板MeAdmin/www.js-css.cn/divcss/admin/meAdmin/bootstrap/fonts/glyphicons-halflings-regular.eot]
[D:/Visual Studio/My Sites/漂亮Bootstrap3响应式后台模板MeAdmin/www.js-css.cn/divcss/admin/meAdmin/bootstrap/css/bootstrap.min.css]
[D:/Visual Studio/My Sites/漂亮Bootstrap3响应式后台模板MeAdmin/www.js-css.cn/divcss/admin/meAdmin/assets/img/sidebar/sidebar-divider-dots.png]
[D:/Visual Studio/My Sites/漂亮Bootstrap3响应式后台模板MeAdmin/www.js-css.cn/divcss/admin/meAdmin/assets/css/main.css]
[D:/Visual Studio/My Sites/漂亮Bootstrap3响应式后台模板MeAdmin/www.js-css.cn/divcss/admin/meAdmin/assets/css/plugins.css]
[D:/Visual Studio/My Sites/漂亮Bootstrap3响应式后台模板MeAdmin/www.js-css.cn/divcss/admin/meAdmin/assets/css/responsive.css]
[D:/Visual Studio/My Sites/漂亮Bootstrap3响应式后台模板MeAdmin/www.js-css.cn/divcss/admin/meAdmin/assets/img/icons/led/sprite.png]
[D:/Visual Studio/My Sites/漂亮Bootstrap3响应式后台模板MeAdmin/www.js-css.cn/divcss/admin/meAdmin/assets/img/icons/iconsweets/icos-dark.png]
[D:/Visual Studio/My Sites/漂亮Bootstrap3响应式后台模板MeAdmin/www.js-css.cn/divcss/admin/meAdmin/assets/img/icons/iconsweets/icos-white.png]
[D:/Visual Studio/My Sites/漂亮Bootstrap3响应式后台模板MeAdmin/www.js-css.cn/divcss/admin/meAdmin/assets/css/icons.css]
[D:/Visual Studio/My Sites/漂亮Bootstrap3响应式后台模板MeAdmin/www.js-css.cn/divcss/admin/meAdmin/assets/css/font/fontawesome-webfonte7ee.eot]
[D:/Visual Studio/My Sites/漂亮Bootstrap3响应式后台模板MeAdmin/www.js-css.cn/divcss/admin/meAdmin/assets/css/font/fontawesome-webfontd41d.eot]
[D:/Visual Studio/My Sites/漂亮Bootstrap3响应式后台模板MeAdmin/www.js-css.cn/divcss/admin/meAdmin/assets/css/font/fontawesome-webfontc674.woff]
[D:/Visual Studio/My Sites/漂亮Bootstrap3响应式后台模板MeAdmin/www.js-css.cn/divcss/admin/meAdmin/assets/css/font/fontawesome-webfontc028.ttf]
[D:/Visual Studio/My Sites/漂亮Bootstrap3响应式后台模板MeAdmin/www.js-css.cn/divcss/admin/meAdmin/assets/css/fontawesome/font-awesome.min.css]
[D:/Visual Studio/My Sites/漂亮Bootstrap3响应式后台模板MeAdmin/www.js-css.cn/divcss/admin/meAdmin/assets/img/demo/avatar-large.jpg]
[D:/Visual Studio/My Sites/漂亮Bootstrap3响应式后台模板MeAdmin/www.js-css.cn/divcss/admin/meAdmin/pages_user_profile.html]
[D:/Visual Studio/My Sites/漂亮Bootstrap3响应式后台模板MeAdmin/www.js-css.cn/divcss/admin/meAdmin/pages_calendar.html]
[D:/Visual Studio/My Sites/漂亮Bootstrap3响应式后台模板MeAdmin/www.js-css.cn/divcss/admin/meAdmin/plugins/validation/jquery.validate.min.js]
[D:/Visual Studio/My Sites/漂亮Bootstrap3响应式后台模板MeAdmin/www.js-css.cn/divcss/admin/meAdmin/plugins/nprogress/nprogress.js]
[D:/Visual Studio/My Sites/漂亮Bootstrap3响应式后台模板MeAdmin/www.js-css.cn/divcss/admin/meAdmin/assets/js/login.js]
[D:/Visual Studio/My Sites/漂亮Bootstrap3响应式后台模板MeAdmin/www.js-css.cn/divcss/admin/meAdmin/login.html]
[D:/Visual Studio/My Sites/漂亮Bootstrap3响应式后台模板MeAdmin/www.js-css.cn/divcss/admin/meAdmin/plugins/pickadate/picker.js]
[D:/Visual Studio/My Sites/漂亮Bootstrap3响应式后台模板MeAdmin/www.js-css.cn/divcss/admin/meAdmin/plugins/pickadate/picker.date.js]
[D:/Visual Studio/My Sites/漂亮Bootstrap3响应式后台模板MeAdmin/www.js-css.cn/divcss/admin/meAdmin/plugins/pickadate/picker.time.js]
[D:/Visual Studio/My Sites/漂亮Bootstrap3响应式后台模板MeAdmin/www.js-css.cn/divcss/admin/meAdmin/plugins/bootstrap-colorpicker/bootstrap-colorpicker.min.js]
[D:/Visual Studio/My Sites/漂亮Bootstrap3响应式后台模板MeAdmin/www.js-css.cn/divcss/admin/meAdmin/plugins/bootbox/bootbox.min.js]
[D:/Visual Studio/My Sites/漂亮Bootstrap3响应式后台模板MeAdmin/www.js-css.cn/divcss/admin/meAdmin/assets/js/demo/ui_general.js]
[D:/Visual Studio/My Sites/漂亮Bootstrap3响应式后台模板MeAdmin/www.js-css.cn/divcss/admin/meAdmin/ui_general.html]
[D:/Visual Studio/My Sites/漂亮Bootstrap3响应式后台模板MeAdmin/www.js-css.cn/divcss/admin/meAdmin/assets/js/demo/ui_buttons.js]
[D:/Visual Studio/My Sites/漂亮Bootstrap3响应式后台模板MeAdmin/www.js-css.cn/divcss/admin/meAdmin/ui_buttons.html]
[D:/Visual Studio/My Sites/漂亮Bootstrap3响应式后台模板MeAdmin/www.js-css.cn/divcss/admin/meAdmin/ui_tabs_accordions.html]
[D:/Visual Studio/My Sites/漂亮Bootstrap3响应式后台模板MeAdmin/www.js-css.cn/divcss/admin/meAdmin/plugins/knob/jquery.knob.min.js]
[D:/Visual Studio/My Sites/漂亮Bootstrap3响应式后台模板MeAdmin/www.js-css.cn/divcss/admin/meAdmin/assets/js/demo/ui_sliders.js]
[D:/Visual Studio/My Sites/漂亮Bootstrap3响应式后台模板MeAdmin/www.js-css.cn/divcss/admin/meAdmin/ui_sliders.html]
[D:/Visual Studio/My Sites/漂亮Bootstrap3响应式后台模板MeAdmin/www.js-css.cn/divcss/admin/meAdmin/plugins/nestable/jquery.nestable.min.js]
[D:/Visual Studio/My Sites/漂亮Bootstrap3响应式后台模板MeAdmin/www.js-css.cn/divcss/admin/meAdmin/assets/js/demo/ui_nestable_list.js]
[D:/Visual Studio/My Sites/漂亮Bootstrap3响应式后台模板MeAdmin/www.js-css.cn/divcss/admin/meAdmin/ui_nestable_list.html]
[D:/Visual Studio/My Sites/漂亮Bootstrap3响应式后台模板MeAdmin/www.js-css.cn/divcss/admin/meAdmin/ui_typography.html]
[D:/Visual Studio/My Sites/漂亮Bootstrap3响应式后台模板MeAdmin/www.js-css.cn/divcss/admin/meAdmin/plugins/gmaps/gmaps.min.js]
[D:/Visual Studio/My Sites/漂亮Bootstrap3响应式后台模板MeAdmin/www.js-css.cn/divcss/admin/meAdmin/assets/js/demo/google_maps.js]
[D:/Visual Studio/My Sites/漂亮Bootstrap3响应式后台模板MeAdmin/www.js-css.cn/divcss/admin/meAdmin/ui_google_maps.html]
[D:/Visual Studio/My Sites/漂亮Bootstrap3响应式后台模板MeAdmin/www.js-css.cn/divcss/admin/meAdmin/ui_grid.html]
[D:/Visual Studio/My Sites/漂亮Bootstrap3响应式后台模板MeAdmin/www.js-css.cn/divcss/admin/meAdmin/plugins/typeahead/typeahead.min.js]
[D:/Visual Studio/My Sites/漂亮Bootstrap3响应式后台模板MeAdmin/www.js-css.cn/divcss/admin/meAdmin/plugins/autosize/jquery.autosize.min.js]
[D:/Visual Studio/My Sites/漂亮Bootstrap3响应式后台模板MeAdmin/www.js-css.cn/divcss/admin/meAdmin/plugins/inputlimiter/jquery.inputlimiter.min.js]
[D:/Visual Studio/My Sites/漂亮Bootstrap3响应式后台模板MeAdmin/www.js-css.cn/divcss/admin/meAdmin/plugins/tagsinput/jquery.tagsinput.min.js]
[D:/Visual Studio/My Sites/漂亮Bootstrap3响应式后台模板MeAdmin/www.js-css.cn/divcss/admin/meAdmin/plugins/fileinput/fileinput.js]
[D:/Visual Studio/My Sites/漂亮Bootstrap3响应式后台模板MeAdmin/www.js-css.cn/divcss/admin/meAdmin/plugins/duallistbox/jquery.duallistbox.min.js]
[D:/Visual Studio/My Sites/漂亮Bootstrap3响应式后台模板MeAdmin/www.js-css.cn/divcss/admin/meAdmin/plugins/bootstrap-inputmask/jquery.inputmask.min.js]
[D:/Visual Studio/My Sites/漂亮Bootstrap3响应式后台模板MeAdmin/www.js-css.cn/divcss/admin/meAdmin/plugins/bootstrap-wysihtml5/wysihtml5.min.js]
[D:/Visual Studio/My Sites/漂亮Bootstrap3响应式后台模板MeAdmin/www.js-css.cn/divcss/admin/meAdmin/plugins/bootstrap-wysihtml5/bootstrap-wysihtml5.min.js]
[D:/Visual Studio/My Sites/漂亮Bootstrap3响应式后台模板MeAdmin/www.js-css.cn/divcss/admin/meAdmin/plugins/bootstrap-multiselect/bootstrap-multiselect.min.js]
[D:/Visual Studio/My Sites/漂亮Bootstrap3响应式后台模板MeAdmin/www.js-css.cn/divcss/admin/meAdmin/plugins/bootstrap-switch/bootstrap-switch.min.js]
[D:/Visual Studio/My Sites/漂亮Bootstrap3响应式后台模板MeAdmin/www.js-css.cn/divcss/admin/meAdmin/plugins/globalize/globalize.js]
[D:/Visual Studio/My Sites/漂亮Bootstrap3响应式后台模板MeAdmin/www.js-css.cn/divcss/admin/meAdmin/plugins/globalize/cultures/globalize.culture.de-DE.js]
[D:/Visual Studio/My Sites/漂亮Bootstrap3响应式后台模板MeAdmin/www.js-css.cn/divcss/admin/meAdmin/plugins/globalize/cultures/globalize.culture.ja-JP.js]
[D:/Visual Studio/My Sites/漂亮Bootstrap3响应式后台模板MeAdmin/www.js-css.cn/divcss/admin/meAdmin/assets/js/demo/form_components.js]
[D:/Visual Studio/My Sites/漂亮Bootstrap3响应式后台模板MeAdmin/www.js-css.cn/divcss/admin/meAdmin/form_components.html]
[D:/Visual Studio/My Sites/漂亮Bootstrap3响应式后台模板MeAdmin/www.js-css.cn/divcss/admin/meAdmin/form_layouts.html]
[D:/Visual Studio/My Sites/漂亮Bootstrap3响应式后台模板MeAdmin/www.js-css.cn/divcss/admin/meAdmin/plugins/validation/additional-methods.min.js]
[D:/Visual Studio/My Sites/漂亮Bootstrap3响应式后台模板MeAdmin/www.js-css.cn/divcss/admin/meAdmin/assets/js/demo/form_validation.js]
[D:/Visual Studio/My Sites/漂亮Bootstrap3响应式后台模板MeAdmin/www.js-css.cn/divcss/admin/meAdmin/form_validation.html]
[D:/Visual Studio/My Sites/漂亮Bootstrap3响应式后台模板MeAdmin/www.js-css.cn/divcss/admin/meAdmin/plugins/bootstrap-wizard/jquery.bootstrap.wizard.min.js]
[D:/Visual Studio/My Sites/漂亮Bootstrap3响应式后台模板MeAdmin/www.js-css.cn/divcss/admin/meAdmin/assets/js/demo/form_wizard.js]
[D:/Visual Studio/My Sites/漂亮Bootstrap3响应式后台模板MeAdmin/www.js-css.cn/divcss/admin/meAdmin/form_wizard.html]
[D:/Visual Studio/My Sites/漂亮Bootstrap3响应式后台模板MeAdmin/www.js-css.cn/divcss/admin/meAdmin/tables_static.html]
[D:/Visual Studio/My Sites/漂亮Bootstrap3响应式后台模板MeAdmin/www.js-css.cn/divcss/admin/meAdmin/plugins/datatables/jquery.dataTables.min.js]
[D:/Visual Studio/My Sites/漂亮Bootstrap3响应式后台模板MeAdmin/www.js-css.cn/divcss/admin/meAdmin/plugins/datatables/DT_bootstrap.js]
[D:/Visual Studio/My Sites/漂亮Bootstrap3响应式后台模板MeAdmin/www.js-css.cn/divcss/admin/meAdmin/plugins/datatables/responsive/datatables.responsive.js]
[D:/Visual Studio/My Sites/漂亮Bootstrap3响应式后台模板MeAdmin/www.js-css.cn/divcss/admin/meAdmin/tables_responsive.html]
[D:/Visual Studio/My Sites/漂亮Bootstrap3响应式后台模板MeAdmin/www.js-css.cn/divcss/admin/meAdmin/plugins/flot/jquery.flot.orderBars.min.js]
[D:/Visual Studio/My Sites/漂亮Bootstrap3响应式后台模板MeAdmin/www.js-css.cn/divcss/admin/meAdmin/plugins/flot/jquery.flot.pie.min.js]
[D:/Visual Studio/My Sites/漂亮Bootstrap3响应式后台模板MeAdmin/www.js-css.cn/divcss/admin/meAdmin/plugins/flot/jquery.flot.selection.min.js]
[D:/Visual Studio/My Sites/漂亮Bootstrap3响应式后台模板MeAdmin/www.js-css.cn/divcss/admin/meAdmin/assets/js/demo/charts.js]
[D:/Visual Studio/My Sites/漂亮Bootstrap3响应式后台模板MeAdmin/www.js-css.cn/divcss/admin/meAdmin/assets/js/demo/charts/chart_bars_horizontal.js]
[D:/Visual Studio/My Sites/漂亮Bootstrap3响应式后台模板MeAdmin/www.js-css.cn/divcss/admin/meAdmin/assets/js/demo/charts/chart_bars_vertical.js]
[D:/Visual Studio/My Sites/漂亮Bootstrap3响应式后台模板MeAdmin/www.js-css.cn/divcss/admin/meAdmin/assets/js/demo/charts/chart_donut.js]
[D:/Visual Studio/My Sites/漂亮Bootstrap3响应式后台模板MeAdmin/www.js-css.cn/divcss/admin/meAdmin/assets/js/demo/charts/chart_filled_green.js]
[D:/Visual Studio/My Sites/漂亮Bootstrap3响应式后台模板MeAdmin/www.js-css.cn/divcss/admin/meAdmin/assets/js/demo/charts/chart_filled_red.js]
[D:/Visual Studio/My Sites/漂亮Bootstrap3响应式后台模板MeAdmin/www.js-css.cn/divcss/admin/meAdmin/assets/js/demo/charts/chart_multiple.js]
[D:/Visual Studio/My Sites/漂亮Bootstrap3响应式后台模板MeAdmin/www.js-css.cn/divcss/admin/meAdmin/assets/js/demo/charts/chart_pie.js]
[D:/Visual Studio/My Sites/漂亮Bootstrap3响应式后台模板MeAdmin/www.js-css.cn/divcss/admin/meAdmin/assets/js/demo/charts/chart_updating.js]
[D:/Visual Studio/My Sites/漂亮Bootstrap3响应式后台模板MeAdmin/www.js-css.cn/divcss/admin/meAdmin/assets/js/demo/charts/chart_widget.js]
[D:/Visual Studio/My Sites/漂亮Bootstrap3响应式后台模板MeAdmin/www.js-css.cn/divcss/admin/meAdmin/assets/js/demo/charts/chart_selection_zooming.js]
[D:/Visual Studio/My Sites/漂亮Bootstrap3响应式后台模板MeAdmin/www.js-css.cn/divcss/admin/meAdmin/charts.html]
[D:/Visual Studio/My Sites/漂亮Bootstrap3响应式后台模板MeAdmin/www.js-css.cn/divcss/admin/meAdmin/pages_invoice.html]
[D:/Visual Studio/My Sites/漂亮Bootstrap3响应式后台模板MeAdmin/www.js-css.cn/divcss/admin/meAdmin/404.html]
[D:/Visual Studio/My Sites/漂亮Bootstrap3响应式后台模板MeAdmin/www.js-css.cn/divcss/admin/meAdmin/plugins/jquery-ui/images/ui-icons_ffffff_256x240.png]
[D:/Visual Studio/My Sites/漂亮Bootstrap3响应式后台模板MeAdmin/www.js-css.cn/divcss/admin/meAdmin/plugins/jquery-ui/images/ui-icons_cccccc_256x240.png]
[D:/Visual Studio/My Sites/漂亮Bootstrap3响应式后台模板MeAdmin/www.js-css.cn/divcss/admin/meAdmin/assets/css/plugins/jquery-ui.css]
[D:/Visual Studio/My Sites/漂亮Bootstrap3响应式后台模板MeAdmin/www.js-css.cn/divcss/admin/meAdmin/assets/css/plugins/daterangepicker.css]
[D:/Visual Studio/My Sites/漂亮Bootstrap3响应式后台模板MeAdmin/www.js-css.cn/divcss/admin/meAdmin/plugins/uniform/images/sprite.png]
[D:/Visual Studio/My Sites/漂亮Bootstrap3响应式后台模板MeAdmin/www.js-css.cn/divcss/admin/meAdmin/plugins/uniform/images/bg-input.png]
[D:/Visual Studio/My Sites/漂亮Bootstrap3响应式后台模板MeAdmin/www.js-css.cn/divcss/admin/meAdmin/plugins/uniform/images/bg-input-focus.png]
[D:/Visual Studio/My Sites/漂亮Bootstrap3响应式后台模板MeAdmin/www.js-css.cn/divcss/admin/meAdmin/assets/css/plugins/uniform.css]
[D:/Visual Studio/My Sites/漂亮Bootstrap3响应式后台模板MeAdmin/www.js-css.cn/divcss/admin/meAdmin/assets/css/plugins/tagsinput.css]
[D:/Visual Studio/My Sites/漂亮Bootstrap3响应式后台模板MeAdmin/www.js-css.cn/divcss/admin/meAdmin/plugins/select2/select2.png]
[D:/Visual Studio/My Sites/漂亮Bootstrap3响应式后台模板MeAdmin/www.js-css.cn/divcss/admin/meAdmin/plugins/select2/select2-spinner.gif]
[D:/Visual Studio/My Sites/漂亮Bootstrap3响应式后台模板MeAdmin/www.js-css.cn/divcss/admin/meAdmin/plugins/select2/select2x2.png]
[D:/Visual Studio/My Sites/漂亮Bootstrap3响应式后台模板MeAdmin/www.js-css.cn/divcss/admin/meAdmin/assets/css/plugins/select2.css]
[D:/Visual Studio/My Sites/漂亮Bootstrap3响应式后台模板MeAdmin/www.js-css.cn/divcss/admin/meAdmin/assets/css/plugins/duallistbox.css]
[D:/Visual Studio/My Sites/漂亮Bootstrap3响应式后台模板MeAdmin/www.js-css.cn/divcss/admin/meAdmin/plugins/datatables/img/sort_both.png]
[D:/Visual Studio/My Sites/漂亮Bootstrap3响应式后台模板MeAdmin/www.js-css.cn/divcss/admin/meAdmin/plugins/datatables/img/sort_asc.png]
[D:/Visual Studio/My Sites/漂亮Bootstrap3响应式后台模板MeAdmin/www.js-css.cn/divcss/admin/meAdmin/plugins/datatables/img/sort_desc.png]
[D:/Visual Studio/My Sites/漂亮Bootstrap3响应式后台模板MeAdmin/www.js-css.cn/divcss/admin/meAdmin/plugins/datatables/img/sort_asc_disabled.png]
[D:/Visual Studio/My Sites/漂亮Bootstrap3响应式后台模板MeAdmin/www.js-css.cn/divcss/admin/meAdmin/plugins/datatables/img/sort_desc_disabled.png]
[D:/Visual Studio/My Sites/漂亮Bootstrap3响应式后台模板MeAdmin/www.js-css.cn/divcss/admin/meAdmin/assets/css/plugins/datatables_bootstrap.css]
[D:/Visual Studio/My Sites/漂亮Bootstrap3响应式后台模板MeAdmin/www.js-css.cn/divcss/admin/meAdmin/plugins/datatables/responsive/img/plus.png]
[D:/Visual Studio/My Sites/漂亮Bootstrap3响应式后台模板MeAdmin/www.js-css.cn/divcss/admin/meAdmin/plugins/datatables/responsive/img/minus.png]
[D:/Visual Studio/My Sites/漂亮Bootstrap3响应式后台模板MeAdmin/www.js-css.cn/divcss/admin/meAdmin/assets/css/plugins/datatables.css]
[D:/Visual Studio/My Sites/漂亮Bootstrap3响应式后台模板MeAdmin/www.js-css.cn/divcss/admin/meAdmin/assets/css/plugins/pickadate.css]
[D:/Visual Studio/My Sites/漂亮Bootstrap3响应式后台模板MeAdmin/www.js-css.cn/divcss/admin/meAdmin/plugins/bootstrap-colorpicker/img/saturation.png]
[D:/Visual Studio/My Sites/漂亮Bootstrap3响应式后台模板MeAdmin/www.js-css.cn/divcss/admin/meAdmin/plugins/bootstrap-colorpicker/img/hue.png]
[D:/Visual Studio/My Sites/漂亮Bootstrap3响应式后台模板MeAdmin/www.js-css.cn/divcss/admin/meAdmin/plugins/bootstrap-colorpicker/img/alpha.png]
[D:/Visual Studio/My Sites/漂亮Bootstrap3响应式后台模板MeAdmin/www.js-css.cn/divcss/admin/meAdmin/assets/css/plugins/bootstrap-colorpicker.css]
[D:/Visual Studio/My Sites/漂亮Bootstrap3响应式后台模板MeAdmin/www.js-css.cn/divcss/admin/meAdmin/assets/css/plugins/typeahead.css]
[D:/Visual Studio/My Sites/漂亮Bootstrap3响应式后台模板MeAdmin/www.js-css.cn/divcss/admin/meAdmin/assets/css/plugins/fullcalendar.css]
[D:/Visual Studio/My Sites/漂亮Bootstrap3响应式后台模板MeAdmin/www.js-css.cn/divcss/admin/meAdmin/assets/css/plugins/nestable.css]
[D:/Visual Studio/My Sites/漂亮Bootstrap3响应式后台模板MeAdmin/www.js-css.cn/divcss/admin/meAdmin/assets/css/plugins/bootstrap-wysihtml5.css]
[D:/Visual Studio/My Sites/漂亮Bootstrap3响应式后台模板MeAdmin/www.js-css.cn/divcss/admin/meAdmin/assets/css/plugins/bootstrap-multiselect.css]
[D:/Visual Studio/My Sites/漂亮Bootstrap3响应式后台模板MeAdmin/www.js-css.cn/divcss/admin/meAdmin/assets/css/plugins/nprogress.css]
[D:/Visual Studio/My Sites/漂亮Bootstrap3响应式后台模板MeAdmin/www.js-css.cn/divcss/admin/meAdmin/assets/css/plugins/bootstrap-wizard.css]
[D:/Visual Studio/My Sites/漂亮Bootstrap3响应式后台模板MeAdmin/www.js-css.cn/divcss/admin/meAdmin/assets/css/plugins/bootstrap-switch.css]
[D:/Visual Studio/My Sites/漂亮Bootstrap3响应式后台模板MeAdmin/www.js-css.cn/divcss/admin/meAdmin/assets/css/font/fontawesome-webfont.svg]
[D:/Visual Studio/My Sites/漂亮Bootstrap3响应式后台模板MeAdmin/www.js-css.cn/divcss/admin/meAdmin/assets/css/login.css]
[D:/Visual Studio/My Sites/漂亮Bootstrap3响应式后台模板MeAdmin/www.js-css.cn/divcss/admin/meAdmin/assets/css/error.css]
